<?xml version="1.0" encoding="UTF-8"?>
<testng-results skipped="0" failed="0" ignored="0" total="1" passed="1">
  <reporter-output>
  </reporter-output>
  <suite name="Command line suite" duration-ms="32" started-at="2020-07-22T12:47:49 IST" finished-at="2020-07-22T12:47:49 IST">
    <groups>
    </groups>
    <test name="Command line test" duration-ms="32" started-at="2020-07-22T12:47:49 IST" finished-at="2020-07-22T12:47:49 IST">
      <class name="com.automation.test.automation_test.AppTest">
        <test-method status="PASS" signature="testApp()[pri:0, instance:testApp(com.automation.test.automation_test.AppTest)]" name="testApp" duration-ms="3" started-at="2020-07-22T12:47:49 IST" finished-at="2020-07-22T12:47:49 IST">
          <reporter-output>
          </reporter-output>
        </test-method> <!-- testApp -->
      </class> <!-- com.automation.test.automation_test.AppTest -->
    </test> <!-- Command line test -->
  </suite> <!-- Command line suite -->
</testng-results>
