<?xml version="1.0" encoding="UTF-8"?>
<testng-results skipped="0" failed="1" ignored="2" total="6" passed="3">
  <reporter-output>
  </reporter-output>
  <suite name="Command line suite" duration-ms="34573" started-at="2020-07-22T12:47:14 IST" finished-at="2020-07-22T12:47:49 IST">
    <groups>
    </groups>
    <test name="Command line test" duration-ms="34573" started-at="2020-07-22T12:47:14 IST" finished-at="2020-07-22T12:47:49 IST">
      <class name="com.automation.test.automation_test.TestNgTest">
        <test-method status="PASS" signature="beforeSuite()[pri:0, instance:com.automation.test.automation_test.TestNgTest@5e3a8624]" name="beforeSuite" is-config="true" duration-ms="27" started-at="2020-07-22T12:47:14 IST" finished-at="2020-07-22T12:47:14 IST">
          <reporter-output>
          </reporter-output>
        </test-method> <!-- beforeSuite -->
        <test-method status="PASS" signature="beforeTest()[pri:0, instance:com.automation.test.automation_test.TestNgTest@5e3a8624]" name="beforeTest" is-config="true" duration-ms="30873" started-at="2020-07-22T12:47:14 IST" finished-at="2020-07-22T12:47:45 IST">
          <reporter-output>
          </reporter-output>
        </test-method> <!-- beforeTest -->
        <test-method status="PASS" signature="beforeClass()[pri:0, instance:com.automation.test.automation_test.TestNgTest@5e3a8624]" name="beforeClass" is-config="true" duration-ms="1" started-at="2020-07-22T12:47:45 IST" finished-at="2020-07-22T12:47:45 IST">
          <reporter-output>
          </reporter-output>
        </test-method> <!-- beforeClass -->
        <test-method status="PASS" signature="beforeMethod()[pri:0, instance:com.automation.test.automation_test.TestNgTest@5e3a8624]" name="beforeMethod" is-config="true" duration-ms="0" started-at="2020-07-22T12:47:45 IST" finished-at="2020-07-22T12:47:45 IST">
          <reporter-output>
          </reporter-output>
        </test-method> <!-- beforeMethod -->
        <test-method status="PASS" signature="f(java.lang.Integer, java.lang.String)[pri:0, instance:com.automation.test.automation_test.TestNgTest@5e3a8624]" name="f" duration-ms="3" started-at="2020-07-22T12:47:45 IST" data-provider="dp" finished-at="2020-07-22T12:47:45 IST">
          <params>
            <param index="0">
              <value>
                <![CDATA[1]]>
              </value>
            </param>
            <param index="1">
              <value>
                <![CDATA[a]]>
              </value>
            </param>
          </params>
          <reporter-output>
          </reporter-output>
        </test-method> <!-- f -->
        <test-method status="PASS" signature="afterMethod()[pri:0, instance:com.automation.test.automation_test.TestNgTest@5e3a8624]" name="afterMethod" is-config="true" duration-ms="0" started-at="2020-07-22T12:47:45 IST" finished-at="2020-07-22T12:47:45 IST">
          <reporter-output>
          </reporter-output>
        </test-method> <!-- afterMethod -->
        <test-method status="PASS" signature="beforeMethod()[pri:0, instance:com.automation.test.automation_test.TestNgTest@5e3a8624]" name="beforeMethod" is-config="true" duration-ms="0" started-at="2020-07-22T12:47:45 IST" finished-at="2020-07-22T12:47:45 IST">
          <reporter-output>
          </reporter-output>
        </test-method> <!-- beforeMethod -->
        <test-method status="PASS" signature="f(java.lang.Integer, java.lang.String)[pri:0, instance:com.automation.test.automation_test.TestNgTest@5e3a8624]" name="f" duration-ms="1" started-at="2020-07-22T12:47:45 IST" data-provider="dp" finished-at="2020-07-22T12:47:45 IST">
          <params>
            <param index="0">
              <value>
                <![CDATA[2]]>
              </value>
            </param>
            <param index="1">
              <value>
                <![CDATA[b]]>
              </value>
            </param>
          </params>
          <reporter-output>
          </reporter-output>
        </test-method> <!-- f -->
        <test-method status="PASS" signature="afterMethod()[pri:0, instance:com.automation.test.automation_test.TestNgTest@5e3a8624]" name="afterMethod" is-config="true" duration-ms="1" started-at="2020-07-22T12:47:45 IST" finished-at="2020-07-22T12:47:45 IST">
          <reporter-output>
          </reporter-output>
        </test-method> <!-- afterMethod -->
        <test-method status="PASS" signature="beforeMethod()[pri:0, instance:com.automation.test.automation_test.TestNgTest@5e3a8624]" name="beforeMethod" is-config="true" duration-ms="0" started-at="2020-07-22T12:47:45 IST" finished-at="2020-07-22T12:47:45 IST">
          <reporter-output>
          </reporter-output>
        </test-method> <!-- beforeMethod -->
        <test-method status="PASS" signature="clicksignin()[pri:1, instance:com.automation.test.automation_test.TestNgTest@5e3a8624]" name="clicksignin" duration-ms="3601" started-at="2020-07-22T12:47:45 IST" finished-at="2020-07-22T12:47:49 IST">
          <reporter-output>
          </reporter-output>
        </test-method> <!-- clicksignin -->
        <test-method status="PASS" signature="afterMethod()[pri:0, instance:com.automation.test.automation_test.TestNgTest@5e3a8624]" name="afterMethod" is-config="true" duration-ms="0" started-at="2020-07-22T12:47:49 IST" finished-at="2020-07-22T12:47:49 IST">
          <reporter-output>
          </reporter-output>
        </test-method> <!-- afterMethod -->
        <test-method status="FAIL" signature="createaccount(java.lang.String)[pri:2, instance:com.automation.test.automation_test.TestNgTest@5e3a8624]" name="createaccount" duration-ms="0" started-at="2020-07-22T12:47:49 IST" finished-at="2020-07-22T12:47:49 IST">
          <exception class="org.testng.TestNGException">
            <message>
              <![CDATA[
Parameter 'email_id' is required by @Test on method createaccount but has not been marked @Optional or defined
]]>
            </message>
            <full-stacktrace>
              <![CDATA[org.testng.TestNGException: 
Parameter 'email_id' is required by @Test on method createaccount but has not been marked @Optional or defined

at org.testng.internal.Parameters.createParams(Parameters.java:289)
at org.testng.internal.Parameters.createParametersForMethod(Parameters.java:377)
at org.testng.internal.Parameters.createParameters(Parameters.java:721)
at org.testng.internal.Parameters.handleParameters(Parameters.java:895)
at org.testng.internal.Parameters.handleParameters(Parameters.java:762)
at org.testng.internal.ParameterHandler.handleParameters(ParameterHandler.java:60)
at org.testng.internal.ParameterHandler.createParameters(ParameterHandler.java:39)
at org.testng.internal.TestInvoker$MethodInvocationAgent.invoke(TestInvoker.java:771)
at org.testng.internal.TestInvoker.invokeTestMethods(TestInvoker.java:145)
at org.testng.internal.TestMethodWorker.invokeTestMethods(TestMethodWorker.java:146)
at org.testng.internal.TestMethodWorker.run(TestMethodWorker.java:128)
at java.util.ArrayList.forEach(Unknown Source)
at org.testng.TestRunner.privateRun(TestRunner.java:770)
at org.testng.TestRunner.run(TestRunner.java:591)
at org.testng.SuiteRunner.runTest(SuiteRunner.java:402)
at org.testng.SuiteRunner.runSequentially(SuiteRunner.java:396)
at org.testng.SuiteRunner.privateRun(SuiteRunner.java:355)
at org.testng.SuiteRunner.run(SuiteRunner.java:304)
at org.testng.SuiteRunnerWorker.runSuite(SuiteRunnerWorker.java:53)
at org.testng.SuiteRunnerWorker.run(SuiteRunnerWorker.java:96)
at org.testng.TestNG.runSuitesSequentially(TestNG.java:1180)
at org.testng.TestNG.runSuitesLocally(TestNG.java:1102)
at org.testng.TestNG.runSuites(TestNG.java:1032)
at org.testng.TestNG.run(TestNG.java:1000)
at org.apache.maven.surefire.testng.TestNGExecutor.run(TestNGExecutor.java:77)
at org.apache.maven.surefire.testng.TestNGDirectoryTestSuite.executeMulti(TestNGDirectoryTestSuite.java:159)
at org.apache.maven.surefire.testng.TestNGDirectoryTestSuite.execute(TestNGDirectoryTestSuite.java:99)
at org.apache.maven.surefire.testng.TestNGProvider.invoke(TestNGProvider.java:106)
at sun.reflect.NativeMethodAccessorImpl.invoke0(Native Method)
at sun.reflect.NativeMethodAccessorImpl.invoke(Unknown Source)
at sun.reflect.DelegatingMethodAccessorImpl.invoke(Unknown Source)
at java.lang.reflect.Method.invoke(Unknown Source)
at org.apache.maven.surefire.util.ReflectionUtils.invokeMethodWithArray(ReflectionUtils.java:189)
at org.apache.maven.surefire.booter.ProviderFactory$ProviderProxy.invoke(ProviderFactory.java:165)
at org.apache.maven.surefire.booter.ProviderFactory.invokeProvider(ProviderFactory.java:85)
at org.apache.maven.surefire.booter.ForkedBooter.runSuitesInProcess(ForkedBooter.java:115)
at org.apache.maven.surefire.booter.ForkedBooter.main(ForkedBooter.java:75)
]]>
            </full-stacktrace>
          </exception> <!-- org.testng.TestNGException -->
          <reporter-output>
          </reporter-output>
        </test-method> <!-- createaccount -->
        <test-method status="PASS" signature="afterClass()[pri:0, instance:com.automation.test.automation_test.TestNgTest@5e3a8624]" name="afterClass" is-config="true" duration-ms="0" started-at="2020-07-22T12:47:49 IST" finished-at="2020-07-22T12:47:49 IST">
          <reporter-output>
          </reporter-output>
        </test-method> <!-- afterClass -->
        <test-method status="PASS" signature="afterTest()[pri:0, instance:com.automation.test.automation_test.TestNgTest@5e3a8624]" name="afterTest" is-config="true" duration-ms="1" started-at="2020-07-22T12:47:49 IST" finished-at="2020-07-22T12:47:49 IST">
          <reporter-output>
          </reporter-output>
        </test-method> <!-- afterTest -->
        <test-method status="PASS" signature="afterSuite()[pri:0, instance:com.automation.test.automation_test.TestNgTest@5e3a8624]" name="afterSuite" is-config="true" duration-ms="1" started-at="2020-07-22T12:47:49 IST" finished-at="2020-07-22T12:47:49 IST">
          <reporter-output>
          </reporter-output>
        </test-method> <!-- afterSuite -->
      </class> <!-- com.automation.test.automation_test.TestNgTest -->
    </test> <!-- Command line test -->
  </suite> <!-- Command line suite -->
</testng-results>
