<?xml version="1.0" encoding="UTF-8"?>
<!-- Generated by org.testng.reporters.JUnitXMLReporter -->
<testsuite hostname="LAPTOP-R9KIGTRO" ignored="0" name="chrome test" tests="4" failures="0" timestamp="2020-07-23T13:05:54 IST" time="60.892" errors="0">
  <testcase name="click_signin_button" time="9.076" classname="com.automation.test.automation_test.TestNgTest"/>
  <testcase name="create_account" time="4.655" classname="com.automation.test.automation_test.TestNgTest"/>
  <testcase name="registration" time="12.641" classname="com.automation.test.automation_test.TestNgTest"/>
  <testcase name="check_correct_names" time="3.533" classname="com.automation.test.automation_test.TestNgTest"/>
</testsuite> <!-- chrome test -->
