<?xml version="1.0" encoding="UTF-8"?>
<!-- Generated by org.testng.reporters.JUnitXMLReporter -->
<testsuite hostname="LAPTOP-R9KIGTRO" ignored="0" name="firefox test" tests="8" failures="0" timestamp="2020-07-23T13:05:55 IST" time="61.436" errors="0">
  <testcase name="click_signin_button" time="9.076" classname="com.automation.test.automation_test.TestNgTest"/>
  <testcase name="click_signin_button" time="7.614" classname="com.automation.test.automation_test.TestNgTest"/>
  <testcase name="create_account" time="4.655" classname="com.automation.test.automation_test.TestNgTest"/>
  <testcase name="create_account" time="4.648" classname="com.automation.test.automation_test.TestNgTest"/>
  <testcase name="registration" time="10.444" classname="com.automation.test.automation_test.TestNgTest"/>
  <testcase name="registration" time="12.641" classname="com.automation.test.automation_test.TestNgTest"/>
  <testcase name="check_correct_names" time="3.224" classname="com.automation.test.automation_test.TestNgTest"/>
  <testcase name="check_correct_names" time="3.533" classname="com.automation.test.automation_test.TestNgTest"/>
</testsuite> <!-- firefox test -->
