<?xml version="1.0" encoding="UTF-8"?>
<!-- Generated by org.testng.reporters.JUnitXMLReporter -->
<testsuite hostname="LAPTOP-R9KIGTRO" ignored="0" name="firefox test" tests="7" failures="0" timestamp="2020-07-23T19:02:18 IST" time="59.417" errors="0">
  <testcase name="click_signin_button" time="7.698" classname="com.automation.test.automation_test.TestNgTest"/>
  <testcase name="click_signin_button" time="9.396" classname="com.automation.test.automation_test.TestNgTest"/>
  <testcase name="create_account" time="7.364" classname="com.automation.test.automation_test.TestNgTest"/>
  <testcase name="create_account" time="7.731" classname="com.automation.test.automation_test.TestNgTest"/>
  <testcase name="registration" time="10.686" classname="com.automation.test.automation_test.TestNgTest"/>
  <testcase name="registration" time="12.179" classname="com.automation.test.automation_test.TestNgTest"/>
  <testcase name="check_correct_names" time="3.219" classname="com.automation.test.automation_test.TestNgTest"/>
</testsuite> <!-- firefox test -->
