<?xml version="1.0" encoding="UTF-8"?>
<!-- Generated by org.testng.reporters.JUnitXMLReporter -->
<testsuite hostname="LAPTOP-R9KIGTRO" ignored="0" name="Test" tests="4" failures="0" timestamp="2020-07-22T19:11:38 IST" time="49.49" errors="0">
  <testcase name="clicksignin" time="6.424" classname="com.automation.test.automation_test.TestNgTest"/>
  <testcase name="createaccount" time="3.912" classname="com.automation.test.automation_test.TestNgTest"/>
  <testcase name="register" time="8.471" classname="com.automation.test.automation_test.TestNgTest"/>
  <testcase name="checknames" time="0.089" classname="com.automation.test.automation_test.TestNgTest"/>
</testsuite> <!-- Test -->
