<?xml version="1.0" encoding="UTF-8"?>
<!-- Generated by org.testng.reporters.JUnitXMLReporter -->
<testsuite hostname="LAPTOP-R9KIGTRO" ignored="0" name="Test" tests="6" failures="0" timestamp="2020-07-22T18:03:17 IST" time="43.461" errors="0">
  <testcase name="f" time="0.002" classname="com.automation.test.automation_test.TestNgTest"/>
  <testcase name="f" time="0.013" classname="com.automation.test.automation_test.TestNgTest"/>
  <testcase name="clicksignin" time="4.805" classname="com.automation.test.automation_test.TestNgTest"/>
  <testcase name="createaccount" time="3.871" classname="com.automation.test.automation_test.TestNgTest"/>
  <testcase name="register" time="7.815" classname="com.automation.test.automation_test.TestNgTest"/>
  <testcase name="checknames" time="0.067" classname="com.automation.test.automation_test.TestNgTest"/>
</testsuite> <!-- Test -->
