<?xml version="1.0" encoding="UTF-8"?>
<testng-results skipped="0" failed="0" ignored="0" total="8" passed="8">
  <reporter-output>
    <line>
      <![CDATA[<img src='./Screenshots/20200723_190152.png' height='200' width='200' />]]>
    </line>
    <line>
      <![CDATA[<img src='./Screenshots/20200723_190152.png' height='200' width='200' />]]>
    </line>
    <line>
      <![CDATA[<img src='./Screenshots/20200723_190158.png' height='200' width='200' />]]>
    </line>
    <line>
      <![CDATA[<img src='./Screenshots/20200723_190158.png' height='200' width='200' />]]>
    </line>
    <line>
      <![CDATA[<img src='./Screenshots/20200723_190213.png' height='200' width='200' />]]>
    </line>
    <line>
      <![CDATA[<img src='./Screenshots/20200723_190214.png' height='200' width='200' />]]>
    </line>
    <line>
      <![CDATA[<img src='./Screenshots/20200723_190215.png' height='200' width='200' />]]>
    </line>
    <line>
      <![CDATA[<img src='./Screenshots/20200723_190216.png' height='200' width='200' />]]>
    </line>
  </reporter-output>
  <suite name="Suite" duration-ms="60466" started-at="2020-07-23T19:01:19 IST" finished-at="2020-07-23T19:02:19 IST">
    <groups>
    </groups>
    <test name="firefox test" duration-ms="59417" started-at="2020-07-23T19:01:19 IST" finished-at="2020-07-23T19:02:18 IST">
      <class name="com.automation.test.automation_test.TestNgTest">
        <test-method status="PASS" signature="selectBrowser(java.lang.String)[pri:0, instance:com.automation.test.automation_test.TestNgTest@7cd62f43]" name="selectBrowser" is-config="true" duration-ms="28783" started-at="2020-07-23T19:01:19 IST" finished-at="2020-07-23T19:01:48 IST">
          <params>
            <param index="0">
              <value>
                <![CDATA[firefox]]>
              </value>
            </param>
          </params>
          <reporter-output>
          </reporter-output>
        </test-method> <!-- selectBrowser -->
        <test-method status="PASS" signature="click_signin_button()[pri:1, instance:com.automation.test.automation_test.TestNgTest@7cd62f43]" name="click_signin_button" duration-ms="7698" started-at="2020-07-23T19:01:48 IST" finished-at="2020-07-23T19:01:55 IST">
          <reporter-output>
            <line>
              <![CDATA[<img src='./Screenshots/20200723_190152.png' height='200' width='200' />]]>
            </line>
          </reporter-output>
        </test-method> <!-- click_signin_button -->
        <test-method status="PASS" signature="create_account(java.lang.String)[pri:2, instance:com.automation.test.automation_test.TestNgTest@7cd62f43]" name="create_account" duration-ms="7364" started-at="2020-07-23T19:01:55 IST" finished-at="2020-07-23T19:02:03 IST">
          <params>
            <param index="0">
              <value>
                <![CDATA[testfoxneethu@gmail.com]]>
              </value>
            </param>
          </params>
          <reporter-output>
            <line>
              <![CDATA[<img src='./Screenshots/20200723_190158.png' height='200' width='200' />]]>
            </line>
          </reporter-output>
        </test-method> <!-- create_account -->
        <test-method status="PASS" signature="registration(java.lang.String, java.lang.String, java.lang.String, java.lang.String, java.lang.String, java.lang.String, java.lang.String, java.lang.String, java.lang.String, java.lang.String, java.lang.String)[pri:3, instance:com.automation.test.automation_test.TestNgTest@7cd62f43]" name="registration" duration-ms="10686" started-at="2020-07-23T19:02:03 IST" finished-at="2020-07-23T19:02:13 IST">
          <params>
            <param index="0">
              <value>
                <![CDATA[Neethu]]>
              </value>
            </param>
            <param index="1">
              <value>
                <![CDATA[Rajendran]]>
              </value>
            </param>
            <param index="2">
              <value>
                <![CDATA[12345]]>
              </value>
            </param>
            <param index="3">
              <value>
                <![CDATA[neethuco]]>
              </value>
            </param>
            <param index="4">
              <value>
                <![CDATA[NeethuVilla]]>
              </value>
            </param>
            <param index="5">
              <value>
                <![CDATA[Kakkanad]]>
              </value>
            </param>
            <param index="6">
              <value>
                <![CDATA[Ernakulam]]>
              </value>
            </param>
            <param index="7">
              <value>
                <![CDATA[12358]]>
              </value>
            </param>
            <param index="8">
              <value>
                <![CDATA[Great Website]]>
              </value>
            </param>
            <param index="9">
              <value>
                <![CDATA[9854712358]]>
              </value>
            </param>
            <param index="10">
              <value>
                <![CDATA[alias address]]>
              </value>
            </param>
          </params>
          <reporter-output>
            <line>
              <![CDATA[<img src='./Screenshots/20200723_190213.png' height='200' width='200' />]]>
            </line>
          </reporter-output>
        </test-method> <!-- registration -->
        <test-method status="PASS" signature="check_correct_names(java.lang.String, java.lang.String)[pri:4, instance:com.automation.test.automation_test.TestNgTest@7cd62f43]" name="check_correct_names" duration-ms="3219" started-at="2020-07-23T19:02:13 IST" finished-at="2020-07-23T19:02:17 IST">
          <params>
            <param index="0">
              <value>
                <![CDATA[Neethu]]>
              </value>
            </param>
            <param index="1">
              <value>
                <![CDATA[Rajendran]]>
              </value>
            </param>
          </params>
          <reporter-output>
            <line>
              <![CDATA[<img src='./Screenshots/20200723_190214.png' height='200' width='200' />]]>
            </line>
          </reporter-output>
        </test-method> <!-- check_correct_names -->
        <test-method status="PASS" signature="afterTest()[pri:0, instance:com.automation.test.automation_test.TestNgTest@7cd62f43]" name="afterTest" is-config="true" duration-ms="1634" started-at="2020-07-23T19:02:17 IST" finished-at="2020-07-23T19:02:18 IST">
          <reporter-output>
          </reporter-output>
        </test-method> <!-- afterTest -->
      </class> <!-- com.automation.test.automation_test.TestNgTest -->
    </test> <!-- firefox test -->
    <test name="chrome test" duration-ms="60466" started-at="2020-07-23T19:01:19 IST" finished-at="2020-07-23T19:02:19 IST">
      <class name="com.automation.test.automation_test.TestNgTest">
        <test-method status="PASS" signature="selectBrowser(java.lang.String)[pri:0, instance:com.automation.test.automation_test.TestNgTest@475530b9]" name="selectBrowser" is-config="true" duration-ms="27207" started-at="2020-07-23T19:01:19 IST" finished-at="2020-07-23T19:01:46 IST">
          <params>
            <param index="0">
              <value>
                <![CDATA[chrome]]>
              </value>
            </param>
          </params>
          <reporter-output>
          </reporter-output>
        </test-method> <!-- selectBrowser -->
        <test-method status="PASS" signature="click_signin_button()[pri:1, instance:com.automation.test.automation_test.TestNgTest@475530b9]" name="click_signin_button" duration-ms="9396" started-at="2020-07-23T19:01:46 IST" finished-at="2020-07-23T19:01:56 IST">
          <reporter-output>
            <line>
              <![CDATA[<img src='./Screenshots/20200723_190152.png' height='200' width='200' />]]>
            </line>
          </reporter-output>
        </test-method> <!-- click_signin_button -->
        <test-method status="PASS" signature="create_account(java.lang.String)[pri:2, instance:com.automation.test.automation_test.TestNgTest@475530b9]" name="create_account" duration-ms="7731" started-at="2020-07-23T19:01:56 IST" finished-at="2020-07-23T19:02:03 IST">
          <params>
            <param index="0">
              <value>
                <![CDATA[testchromeneethu@gmail.com]]>
              </value>
            </param>
          </params>
          <reporter-output>
            <line>
              <![CDATA[<img src='./Screenshots/20200723_190158.png' height='200' width='200' />]]>
            </line>
          </reporter-output>
        </test-method> <!-- create_account -->
        <test-method status="PASS" signature="registration(java.lang.String, java.lang.String, java.lang.String, java.lang.String, java.lang.String, java.lang.String, java.lang.String, java.lang.String, java.lang.String, java.lang.String, java.lang.String)[pri:3, instance:com.automation.test.automation_test.TestNgTest@475530b9]" name="registration" duration-ms="12179" started-at="2020-07-23T19:02:03 IST" finished-at="2020-07-23T19:02:15 IST">
          <params>
            <param index="0">
              <value>
                <![CDATA[Neethu]]>
              </value>
            </param>
            <param index="1">
              <value>
                <![CDATA[Rajendran]]>
              </value>
            </param>
            <param index="2">
              <value>
                <![CDATA[12345]]>
              </value>
            </param>
            <param index="3">
              <value>
                <![CDATA[neethuco]]>
              </value>
            </param>
            <param index="4">
              <value>
                <![CDATA[NeethuVilla]]>
              </value>
            </param>
            <param index="5">
              <value>
                <![CDATA[Kakkanad]]>
              </value>
            </param>
            <param index="6">
              <value>
                <![CDATA[Ernakulam]]>
              </value>
            </param>
            <param index="7">
              <value>
                <![CDATA[12358]]>
              </value>
            </param>
            <param index="8">
              <value>
                <![CDATA[Great Website]]>
              </value>
            </param>
            <param index="9">
              <value>
                <![CDATA[9854712358]]>
              </value>
            </param>
            <param index="10">
              <value>
                <![CDATA[alias address]]>
              </value>
            </param>
          </params>
          <reporter-output>
            <line>
              <![CDATA[<img src='./Screenshots/20200723_190215.png' height='200' width='200' />]]>
            </line>
          </reporter-output>
        </test-method> <!-- registration -->
        <test-method status="PASS" signature="check_correct_names(java.lang.String, java.lang.String)[pri:4, instance:com.automation.test.automation_test.TestNgTest@475530b9]" name="check_correct_names" duration-ms="3550" started-at="2020-07-23T19:02:15 IST" finished-at="2020-07-23T19:02:19 IST">
          <params>
            <param index="0">
              <value>
                <![CDATA[Neethu]]>
              </value>
            </param>
            <param index="1">
              <value>
                <![CDATA[Rajendran]]>
              </value>
            </param>
          </params>
          <reporter-output>
            <line>
              <![CDATA[<img src='./Screenshots/20200723_190216.png' height='200' width='200' />]]>
            </line>
          </reporter-output>
        </test-method> <!-- check_correct_names -->
        <test-method status="PASS" signature="afterTest()[pri:0, instance:com.automation.test.automation_test.TestNgTest@475530b9]" name="afterTest" is-config="true" duration-ms="247" started-at="2020-07-23T19:02:19 IST" finished-at="2020-07-23T19:02:19 IST">
          <reporter-output>
          </reporter-output>
        </test-method> <!-- afterTest -->
      </class> <!-- com.automation.test.automation_test.TestNgTest -->
    </test> <!-- chrome test -->
  </suite> <!-- Suite -->
</testng-results>
