<?xml version="1.0" encoding="UTF-8"?>
<testng-results skipped="0" failed="0" ignored="0" total="6" passed="6">
  <reporter-output>
  </reporter-output>
  <suite name="Suite" duration-ms="43461" started-at="2020-07-22T18:02:33 IST" finished-at="2020-07-22T18:03:17 IST">
    <groups>
    </groups>
    <test name="Test" duration-ms="43461" started-at="2020-07-22T18:02:33 IST" finished-at="2020-07-22T18:03:17 IST">
      <class name="com.automation.test.automation_test.TestNgTest">
        <test-method status="PASS" signature="beforeSuite()[pri:0, instance:com.automation.test.automation_test.TestNgTest@46d56d67]" name="beforeSuite" is-config="true" duration-ms="33" started-at="2020-07-22T18:02:33 IST" finished-at="2020-07-22T18:02:33 IST">
          <reporter-output>
          </reporter-output>
        </test-method> <!-- beforeSuite -->
        <test-method status="PASS" signature="beforeTest()[pri:0, instance:com.automation.test.automation_test.TestNgTest@46d56d67]" name="beforeTest" is-config="true" duration-ms="26448" started-at="2020-07-22T18:02:33 IST" finished-at="2020-07-22T18:02:59 IST">
          <reporter-output>
          </reporter-output>
        </test-method> <!-- beforeTest -->
        <test-method status="PASS" signature="beforeClass()[pri:0, instance:com.automation.test.automation_test.TestNgTest@46d56d67]" name="beforeClass" is-config="true" duration-ms="0" started-at="2020-07-22T18:03:00 IST" finished-at="2020-07-22T18:03:00 IST">
          <reporter-output>
          </reporter-output>
        </test-method> <!-- beforeClass -->
        <test-method status="PASS" signature="beforeMethod()[pri:0, instance:com.automation.test.automation_test.TestNgTest@46d56d67]" name="beforeMethod" is-config="true" duration-ms="1" started-at="2020-07-22T18:03:00 IST" finished-at="2020-07-22T18:03:00 IST">
          <reporter-output>
          </reporter-output>
        </test-method> <!-- beforeMethod -->
        <test-method status="PASS" signature="f(java.lang.Integer, java.lang.String)[pri:0, instance:com.automation.test.automation_test.TestNgTest@46d56d67]" name="f" duration-ms="2" started-at="2020-07-22T18:03:00 IST" data-provider="dp" finished-at="2020-07-22T18:03:00 IST">
          <params>
            <param index="0">
              <value>
                <![CDATA[1]]>
              </value>
            </param>
            <param index="1">
              <value>
                <![CDATA[a]]>
              </value>
            </param>
          </params>
          <reporter-output>
          </reporter-output>
        </test-method> <!-- f -->
        <test-method status="PASS" signature="afterMethod()[pri:0, instance:com.automation.test.automation_test.TestNgTest@46d56d67]" name="afterMethod" is-config="true" duration-ms="1" started-at="2020-07-22T18:03:00 IST" finished-at="2020-07-22T18:03:00 IST">
          <reporter-output>
          </reporter-output>
        </test-method> <!-- afterMethod -->
        <test-method status="PASS" signature="beforeMethod()[pri:0, instance:com.automation.test.automation_test.TestNgTest@46d56d67]" name="beforeMethod" is-config="true" duration-ms="7" started-at="2020-07-22T18:03:00 IST" finished-at="2020-07-22T18:03:00 IST">
          <reporter-output>
          </reporter-output>
        </test-method> <!-- beforeMethod -->
        <test-method status="PASS" signature="f(java.lang.Integer, java.lang.String)[pri:0, instance:com.automation.test.automation_test.TestNgTest@46d56d67]" name="f" duration-ms="13" started-at="2020-07-22T18:03:00 IST" data-provider="dp" finished-at="2020-07-22T18:03:00 IST">
          <params>
            <param index="0">
              <value>
                <![CDATA[2]]>
              </value>
            </param>
            <param index="1">
              <value>
                <![CDATA[b]]>
              </value>
            </param>
          </params>
          <reporter-output>
          </reporter-output>
        </test-method> <!-- f -->
        <test-method status="PASS" signature="afterMethod()[pri:0, instance:com.automation.test.automation_test.TestNgTest@46d56d67]" name="afterMethod" is-config="true" duration-ms="2" started-at="2020-07-22T18:03:00 IST" finished-at="2020-07-22T18:03:00 IST">
          <reporter-output>
          </reporter-output>
        </test-method> <!-- afterMethod -->
        <test-method status="PASS" signature="beforeMethod()[pri:0, instance:com.automation.test.automation_test.TestNgTest@46d56d67]" name="beforeMethod" is-config="true" duration-ms="1" started-at="2020-07-22T18:03:00 IST" finished-at="2020-07-22T18:03:00 IST">
          <reporter-output>
          </reporter-output>
        </test-method> <!-- beforeMethod -->
        <test-method status="PASS" signature="clicksignin()[pri:1, instance:com.automation.test.automation_test.TestNgTest@46d56d67]" name="clicksignin" duration-ms="4805" started-at="2020-07-22T18:03:00 IST" finished-at="2020-07-22T18:03:04 IST">
          <reporter-output>
          </reporter-output>
        </test-method> <!-- clicksignin -->
        <test-method status="PASS" signature="afterMethod()[pri:0, instance:com.automation.test.automation_test.TestNgTest@46d56d67]" name="afterMethod" is-config="true" duration-ms="1" started-at="2020-07-22T18:03:04 IST" finished-at="2020-07-22T18:03:04 IST">
          <reporter-output>
          </reporter-output>
        </test-method> <!-- afterMethod -->
        <test-method status="PASS" signature="beforeMethod()[pri:0, instance:com.automation.test.automation_test.TestNgTest@46d56d67]" name="beforeMethod" is-config="true" duration-ms="1" started-at="2020-07-22T18:03:04 IST" finished-at="2020-07-22T18:03:04 IST">
          <reporter-output>
          </reporter-output>
        </test-method> <!-- beforeMethod -->
        <test-method status="PASS" signature="createaccount(java.lang.String)[pri:2, instance:com.automation.test.automation_test.TestNgTest@46d56d67]" name="createaccount" duration-ms="3871" started-at="2020-07-22T18:03:04 IST" finished-at="2020-07-22T18:03:08 IST">
          <params>
            <param index="0">
              <value>
                <![CDATA[nejhgbbbbmhbsdddfdfhbhhge@gmail.com]]>
              </value>
            </param>
          </params>
          <reporter-output>
          </reporter-output>
        </test-method> <!-- createaccount -->
        <test-method status="PASS" signature="afterMethod()[pri:0, instance:com.automation.test.automation_test.TestNgTest@46d56d67]" name="afterMethod" is-config="true" duration-ms="0" started-at="2020-07-22T18:03:08 IST" finished-at="2020-07-22T18:03:08 IST">
          <reporter-output>
          </reporter-output>
        </test-method> <!-- afterMethod -->
        <test-method status="PASS" signature="beforeMethod()[pri:0, instance:com.automation.test.automation_test.TestNgTest@46d56d67]" name="beforeMethod" is-config="true" duration-ms="1" started-at="2020-07-22T18:03:08 IST" finished-at="2020-07-22T18:03:08 IST">
          <reporter-output>
          </reporter-output>
        </test-method> <!-- beforeMethod -->
        <test-method status="PASS" signature="register(java.lang.String, java.lang.String, java.lang.String, java.lang.String, java.lang.String, java.lang.String, java.lang.String, java.lang.String, java.lang.String, java.lang.String, java.lang.String)[pri:3, instance:com.automation.test.automation_test.TestNgTest@46d56d67]" name="register" duration-ms="7815" started-at="2020-07-22T18:03:08 IST" finished-at="2020-07-22T18:03:16 IST">
          <params>
            <param index="0">
              <value>
                <![CDATA[Neethu]]>
              </value>
            </param>
            <param index="1">
              <value>
                <![CDATA[Rajendran]]>
              </value>
            </param>
            <param index="2">
              <value>
                <![CDATA[12345]]>
              </value>
            </param>
            <param index="3">
              <value>
                <![CDATA[neethuco]]>
              </value>
            </param>
            <param index="4">
              <value>
                <![CDATA[Thrikkepady]]>
              </value>
            </param>
            <param index="5">
              <value>
                <![CDATA[Kakkanad]]>
              </value>
            </param>
            <param index="6">
              <value>
                <![CDATA[Ernakulam]]>
              </value>
            </param>
            <param index="7">
              <value>
                <![CDATA[12358]]>
              </value>
            </param>
            <param index="8">
              <value>
                <![CDATA[Intraseted]]>
              </value>
            </param>
            <param index="9">
              <value>
                <![CDATA[9854712358]]>
              </value>
            </param>
            <param index="10">
              <value>
                <![CDATA[alias address]]>
              </value>
            </param>
          </params>
          <reporter-output>
          </reporter-output>
        </test-method> <!-- register -->
        <test-method status="PASS" signature="afterMethod()[pri:0, instance:com.automation.test.automation_test.TestNgTest@46d56d67]" name="afterMethod" is-config="true" duration-ms="1" started-at="2020-07-22T18:03:16 IST" finished-at="2020-07-22T18:03:16 IST">
          <reporter-output>
          </reporter-output>
        </test-method> <!-- afterMethod -->
        <test-method status="PASS" signature="beforeMethod()[pri:0, instance:com.automation.test.automation_test.TestNgTest@46d56d67]" name="beforeMethod" is-config="true" duration-ms="0" started-at="2020-07-22T18:03:16 IST" finished-at="2020-07-22T18:03:16 IST">
          <reporter-output>
          </reporter-output>
        </test-method> <!-- beforeMethod -->
        <test-method status="PASS" signature="checknames(java.lang.String, java.lang.String)[pri:4, instance:com.automation.test.automation_test.TestNgTest@46d56d67]" name="checknames" duration-ms="67" started-at="2020-07-22T18:03:16 IST" finished-at="2020-07-22T18:03:16 IST">
          <params>
            <param index="0">
              <value>
                <![CDATA[Neethu]]>
              </value>
            </param>
            <param index="1">
              <value>
                <![CDATA[Rajendran]]>
              </value>
            </param>
          </params>
          <reporter-output>
          </reporter-output>
        </test-method> <!-- checknames -->
        <test-method status="PASS" signature="afterMethod()[pri:0, instance:com.automation.test.automation_test.TestNgTest@46d56d67]" name="afterMethod" is-config="true" duration-ms="0" started-at="2020-07-22T18:03:16 IST" finished-at="2020-07-22T18:03:16 IST">
          <reporter-output>
          </reporter-output>
        </test-method> <!-- afterMethod -->
        <test-method status="PASS" signature="afterClass()[pri:0, instance:com.automation.test.automation_test.TestNgTest@46d56d67]" name="afterClass" is-config="true" duration-ms="0" started-at="2020-07-22T18:03:16 IST" finished-at="2020-07-22T18:03:16 IST">
          <reporter-output>
          </reporter-output>
        </test-method> <!-- afterClass -->
        <test-method status="PASS" signature="afterTest()[pri:0, instance:com.automation.test.automation_test.TestNgTest@46d56d67]" name="afterTest" is-config="true" duration-ms="336" started-at="2020-07-22T18:03:16 IST" finished-at="2020-07-22T18:03:17 IST">
          <reporter-output>
          </reporter-output>
        </test-method> <!-- afterTest -->
        <test-method status="PASS" signature="afterSuite()[pri:0, instance:com.automation.test.automation_test.TestNgTest@46d56d67]" name="afterSuite" is-config="true" duration-ms="1" started-at="2020-07-22T18:03:17 IST" finished-at="2020-07-22T18:03:17 IST">
          <reporter-output>
          </reporter-output>
        </test-method> <!-- afterSuite -->
      </class> <!-- com.automation.test.automation_test.TestNgTest -->
    </test> <!-- Test -->
  </suite> <!-- Suite -->
</testng-results>
